Determining if the pthread_create exist failed with the following output:
Change Dir: /storage/fhamza/0_elaborato_arch/elaborati/singoli elaborati/1b_BlockedGlobal_FloydWarshall/build/CMakeFiles/CMakeTmp

Run Build Command:"/usr/bin/make" "cmTC_1c114/fast"
/usr/bin/make -f CMakeFiles/cmTC_1c114.dir/build.make CMakeFiles/cmTC_1c114.dir/build
make[1]: Entering directory '/storage/fhamza/0_elaborato_arch/elaborati/singoli elaborati/1b_BlockedGlobal_FloydWarshall/build/CMakeFiles/CMakeTmp'
Building CXX object CMakeFiles/cmTC_1c114.dir/CheckSymbolExists.cxx.o
/usr/bin/c++     -o CMakeFiles/cmTC_1c114.dir/CheckSymbolExists.cxx.o -c "/storage/fhamza/0_elaborato_arch/elaborati/singoli elaborati/1b_BlockedGlobal_FloydWarshall/build/CMakeFiles/CMakeTmp/CheckSymbolExists.cxx"
Linking CXX executable cmTC_1c114
/usr/bin/cmake -E cmake_link_script CMakeFiles/cmTC_1c114.dir/link.txt --verbose=1
/usr/bin/c++       CMakeFiles/cmTC_1c114.dir/CheckSymbolExists.cxx.o  -o cmTC_1c114 
CMakeFiles/cmTC_1c114.dir/CheckSymbolExists.cxx.o: In function `main':
CheckSymbolExists.cxx:(.text+0x1b): undefined reference to `pthread_create'
collect2: error: ld returned 1 exit status
CMakeFiles/cmTC_1c114.dir/build.make:97: recipe for target 'cmTC_1c114' failed
make[1]: *** [cmTC_1c114] Error 1
make[1]: Leaving directory '/storage/fhamza/0_elaborato_arch/elaborati/singoli elaborati/1b_BlockedGlobal_FloydWarshall/build/CMakeFiles/CMakeTmp'
Makefile:126: recipe for target 'cmTC_1c114/fast' failed
make: *** [cmTC_1c114/fast] Error 2

File /storage/fhamza/0_elaborato_arch/elaborati/singoli elaborati/1b_BlockedGlobal_FloydWarshall/build/CMakeFiles/CMakeTmp/CheckSymbolExists.cxx:
/* */
#include <pthread.h>

int main(int argc, char** argv)
{
  (void)argv;
#ifndef pthread_create
  return ((int*)(&pthread_create))[argc];
#else
  (void)argc;
  return 0;
#endif
}

Determining if the function pthread_create exists in the pthreads failed with the following output:
Change Dir: /storage/fhamza/0_elaborato_arch/elaborati/singoli elaborati/1b_BlockedGlobal_FloydWarshall/build/CMakeFiles/CMakeTmp

Run Build Command:"/usr/bin/make" "cmTC_8a56a/fast"
/usr/bin/make -f CMakeFiles/cmTC_8a56a.dir/build.make CMakeFiles/cmTC_8a56a.dir/build
make[1]: Entering directory '/storage/fhamza/0_elaborato_arch/elaborati/singoli elaborati/1b_BlockedGlobal_FloydWarshall/build/CMakeFiles/CMakeTmp'
Building CXX object CMakeFiles/cmTC_8a56a.dir/CheckFunctionExists.cxx.o
/usr/bin/c++    -DCHECK_FUNCTION_EXISTS=pthread_create   -o CMakeFiles/cmTC_8a56a.dir/CheckFunctionExists.cxx.o -c "/storage/fhamza/0_elaborato_arch/elaborati/singoli elaborati/1b_BlockedGlobal_FloydWarshall/build/CMakeFiles/CheckLibraryExists/CheckFunctionExists.cxx"
Linking CXX executable cmTC_8a56a
/usr/bin/cmake -E cmake_link_script CMakeFiles/cmTC_8a56a.dir/link.txt --verbose=1
/usr/bin/c++   -DCHECK_FUNCTION_EXISTS=pthread_create    CMakeFiles/cmTC_8a56a.dir/CheckFunctionExists.cxx.o  -o cmTC_8a56a -lpthreads 
/usr/bin/ld: cannot find -lpthreads
collect2: error: ld returned 1 exit status
CMakeFiles/cmTC_8a56a.dir/build.make:97: recipe for target 'cmTC_8a56a' failed
make[1]: *** [cmTC_8a56a] Error 1
make[1]: Leaving directory '/storage/fhamza/0_elaborato_arch/elaborati/singoli elaborati/1b_BlockedGlobal_FloydWarshall/build/CMakeFiles/CMakeTmp'
Makefile:126: recipe for target 'cmTC_8a56a/fast' failed
make: *** [cmTC_8a56a/fast] Error 2


